<?xml version="1.0" encoding="UTF-8"?>
<testsuite xmlns:xsi="http://www.w3.org/2001/XMLSchema-instance" xsi:noNamespaceSchemaLocation="https://maven.apache.org/surefire/maven-surefire-plugin/xsd/surefire-test-report-3.0.xsd" version="3.0" name="Calculator_Test" time="0.698" tests="8" errors="0" skipped="0" failures="0">
  <properties>
    <property name="sun.desktop" value="windows"/>
    <property name="awt.toolkit" value="sun.awt.windows.WToolkit"/>
    <property name="java.specification.version" value="11"/>
    <property name="sun.cpu.isalist" value="amd64"/>
    <property name="sun.jnu.encoding" value="Cp1252"/>
    <property name="java.class.path" value="C:\Users\felotalo1\Documents\Recursos\Training\Week 8\34. CI-CD in Testing\checkpoint\target\test-classes;C:\Users\felotalo1\Documents\Recursos\Training\Week 8\34. CI-CD in Testing\checkpoint\target\classes;C:\Users\felotalo1\.m2\repository\org\testng\testng\6.14.3\testng-6.14.3.jar;C:\Users\felotalo1\.m2\repository\com\beust\jcommander\1.72\jcommander-1.72.jar;C:\Users\felotalo1\.m2\repository\org\apache-extras\beanshell\bsh\2.0b6\bsh-2.0b6.jar;"/>
    <property name="java.vm.vendor" value="Oracle Corporation"/>
    <property name="sun.arch.data.model" value="64"/>
    <property name="user.variant" value=""/>
    <property name="java.vendor.url" value="https://openjdk.java.net/"/>
    <property name="user.timezone" value="America/Bogota"/>
    <property name="java.vm.specification.version" value="11"/>
    <property name="os.name" value="Windows 11"/>
    <property name="sun.java.launcher" value="SUN_STANDARD"/>
    <property name="user.country" value="US"/>
    <property name="sun.boot.library.path" value="C:\Program Files\Java\jdk-11\bin"/>
    <property name="sun.java.command" value="C:\Users\felotalo1\AppData\Local\Temp\surefire5213021814338785499\surefirebooter-20230824103934579_3.jar C:\Users\felotalo1\AppData\Local\Temp\surefire5213021814338785499 2023-08-24T10-39-34_071-jvmRun1 surefire-20230824103934579_1tmp surefire_0-20230824103934579_2tmp"/>
    <property name="jdk.debug" value="release"/>
    <property name="surefire.test.class.path" value="C:\Users\felotalo1\Documents\Recursos\Training\Week 8\34. CI-CD in Testing\checkpoint\target\test-classes;C:\Users\felotalo1\Documents\Recursos\Training\Week 8\34. CI-CD in Testing\checkpoint\target\classes;C:\Users\felotalo1\.m2\repository\org\testng\testng\6.14.3\testng-6.14.3.jar;C:\Users\felotalo1\.m2\repository\com\beust\jcommander\1.72\jcommander-1.72.jar;C:\Users\felotalo1\.m2\repository\org\apache-extras\beanshell\bsh\2.0b6\bsh-2.0b6.jar;"/>
    <property name="sun.cpu.endian" value="little"/>
    <property name="user.home" value="C:\Users\felotalo1"/>
    <property name="user.language" value="en"/>
    <property name="java.specification.vendor" value="Oracle Corporation"/>
    <property name="java.version.date" value="2023-04-18"/>
    <property name="java.home" value="C:\Program Files\Java\jdk-11"/>
    <property name="file.separator" value="\"/>
    <property name="basedir" value="C:\Users\felotalo1\Documents\Recursos\Training\Week 8\34. CI-CD in Testing\checkpoint"/>
    <property name="java.vm.compressedOopsMode" value="Zero based"/>
    <property name="line.separator" value="&#10;"/>
    <property name="java.specification.name" value="Java Platform API Specification"/>
    <property name="java.vm.specification.vendor" value="Oracle Corporation"/>
    <property name="java.awt.graphicsenv" value="sun.awt.Win32GraphicsEnvironment"/>
    <property name="surefire.real.class.path" value="C:\Users\felotalo1\AppData\Local\Temp\surefire5213021814338785499\surefirebooter-20230824103934579_3.jar"/>
    <property name="user.script" value=""/>
    <property name="sun.management.compiler" value="HotSpot 64-Bit Tiered Compilers"/>
    <property name="java.runtime.version" value="11.0.19+9-LTS-224"/>
    <property name="user.name" value="felotalo1"/>
    <property name="path.separator" value=";"/>
    <property name="os.version" value="10.0"/>
    <property name="java.runtime.name" value="Java(TM) SE Runtime Environment"/>
    <property name="file.encoding" value="Cp1252"/>
    <property name="java.vm.name" value="Java HotSpot(TM) 64-Bit Server VM"/>
    <property name="java.vendor.version" value="18.9"/>
    <property name="localRepository" value="C:\Users\felotalo1\.m2\repository"/>
    <property name="java.vendor.url.bug" value="https://bugreport.java.com/bugreport/"/>
    <property name="java.io.tmpdir" value="C:\Users\FELOTA~1\AppData\Local\Temp\"/>
    <property name="java.version" value="11.0.19"/>
    <property name="user.dir" value="C:\Users\felotalo1\Documents\Recursos\Training\Week 8\34. CI-CD in Testing\checkpoint"/>
    <property name="os.arch" value="amd64"/>
    <property name="java.vm.specification.name" value="Java Virtual Machine Specification"/>
    <property name="java.awt.printerjob" value="sun.awt.windows.WPrinterJob"/>
    <property name="sun.os.patch.level" value=""/>
    <property name="java.library.path" value="C:\Program Files\Java\jdk-11\bin;C:\WINDOWS\Sun\Java\bin;C:\WINDOWS\system32;C:\WINDOWS;C:\Users\felotalo1\Documents\Maven\apache-maven-3.9.4\bin;C:\Program Files\Java\jdk-11\bin;C:\Program Files\Common Files\Oracle\Java\javapath;C:\Program Files\Eclipse Adoptium\jdk-17.0.8.7-hotspot\bin;C:\WINDOWS\system32;C:\WINDOWS;C:\WINDOWS\System32\Wbem;C:\WINDOWS\System32\WindowsPowerShell\v1.0\;C:\WINDOWS\System32\OpenSSH\;C:\Program Files (x86)\CheckPoint\Endpoint Security\Endpoint Common\bin;C:\Program Files (x86)\Box\Box Edit\;C:\Program Files\WindowsPowerShell\Scripts\HP.ClientScriptLibrary;C:\Program Files\dotnet\;C:\Program Files\Git\cmd;C:\Program Files\Microsoft VS Code\bin;C:\Program Files\nodejs\;C:\Program Files (x86)\Common Files\Oracle\Java\javapath;C:\Users\felotalo1\AppData\Local\Microsoft\WindowsApps;C:\Users\felotalo1\AppData\Roaming\npm;C:\Users\felotalo1\Documents\Maven\apache-maven-3.9.4\bin;C:\Program Files\Java\jdk-11\bin;;."/>
    <property name="java.vendor" value="Oracle Corporation"/>
    <property name="java.vm.info" value="mixed mode"/>
    <property name="java.vm.version" value="11.0.19+9-LTS-224"/>
    <property name="sun.io.unicode.encoding" value="UnicodeLittle"/>
    <property name="java.class.version" value="55.0"/>
  </properties>
  <testcase name="AdditionTest1" classname="Calculator_Test" time="0.019"/>
  <testcase name="AdditionTest2" classname="Calculator_Test" time="0.0"/>
  <testcase name="DivisionTest1" classname="Calculator_Test" time="0.0"/>
  <testcase name="DivisionTest2" classname="Calculator_Test" time="0.006">
    <system-out><![CDATA[Valor del divisor incongruente
]]></system-out>
  </testcase>
  <testcase name="MultiplicationTest1" classname="Calculator_Test" time="0.0"/>
  <testcase name="MultiplicationTest2" classname="Calculator_Test" time="0.0"/>
  <testcase name="SubstractionTest1" classname="Calculator_Test" time="0.0"/>
  <testcase name="SubstractionTest2" classname="Calculator_Test" time="0.0"/>
</testsuite>